<?xml version="1.0" encoding="UTF-8"?>
<!-- Generated by org.testng.reporters.JUnitReportReporter -->
<testsuite skipped="0" hostname="Ashan" name="scripts.TC01" tests="1" failures="0" timestamp="2020-08-16T16:19:31 IST" time="18.475" errors="0">
  <testcase name="testLogin" time="18.475" classname="scripts.TC01"/>
  <system-out/>
</testsuite> <!-- scripts.TC01 -->
