<?xml version="1.0" encoding="UTF-8"?>
<!-- Generated by org.testng.reporters.JUnitReportReporter -->
<testsuite skipped="0" hostname="Ashan" name="scripts.TC02" tests="2" failures="0" timestamp="2020-08-18T12:22:53 IST" time="18.909" errors="0">
  <testcase name="testLogout" time="0.255" classname="scripts.TC02"/>
  <system-out/>
  <testcase name="testLogin" time="18.654" classname="scripts.TC02"/>
  <system-out/>
</testsuite> <!-- scripts.TC02 -->
