<?xml version="1.0" encoding="UTF-8"?>
<!-- Generated by org.testng.reporters.JUnitReportReporter -->
<testsuite skipped="0" hostname="Ashan" name="config.StartBrowser" tests="1" failures="0" timestamp="2020-08-16T15:43:48 IST" time="9.236" errors="0">
  <testcase name="f" time="9.236" classname="config.StartBrowser"/>
  <system-out/>
</testsuite> <!-- config.StartBrowser -->
